#-----------------------------------------------------------
# Vivado v2020.2 (64-bit)
# SW Build 3064766 on Wed Nov 18 09:12:45 MST 2020
# IP Build 3064653 on Wed Nov 18 14:17:31 MST 2020
# Start of session at: Wed Jul 23 10:21:53 2025
# Process ID: 23368
# Current directory: C:/FPGA_HARMAN/250723_pipeline_register_long
# Command line: vivado.exe -gui_launcher_event rodinguilauncherevent21976 C:\FPGA_HARMAN\250723_pipeline_register_long\250723_pipeline_register_long.xpr
# Log file: C:/FPGA_HARMAN/250723_pipeline_register_long/vivado.log
# Journal file: C:/FPGA_HARMAN/250723_pipeline_register_long\vivado.jou
#-----------------------------------------------------------
start_gui
open_project C:/FPGA_HARMAN/250723_pipeline_register_long/250723_pipeline_register_long.xpr
WARNING: [filemgmt 56-3] Default IP Output Path : Could not find the directory 'C:/FPGA_HARMAN/250723_pipeline_register_long/250723_pipeline_register_long.gen/sources_1'.
Scanning sources...
Finished scanning sources
INFO: [IP_Flow 19-234] Refreshing IP repositories
INFO: [IP_Flow 19-1700] Loaded user IP repository 'c:/FPGA_HARMAN/250723_pipeline_register_long/250723_pipeline_register_long.srcs/sources_1/imports/new'.
INFO: [IP_Flow 19-2313] Loaded Vivado IP repository 'C:/Xilinx/Vivado/2020.2/data/ip'.
update_compile_order -fileset sources_1
exit
INFO: [Common 17-206] Exiting Vivado at Wed Jul 23 10:22:19 2025...
